C:\Program Files (x86)\Microsoft Visual Studio\2019\Community\MSBuild\Microsoft\VC\v160\Microsoft.CppBuild.targets(452,5): warning MSB8028: The intermediate directory (Debug\) contains files shared from another project (Projekt Version 2.vcxproj).  This can lead to incorrect clean and rebuild behavior.
  AdminRankingSystem.cpp
  AdminSpace.cpp
  AdminWordsManagment.cpp
  GallowsFunctions.cpp
C:\Users\38595\OneDrive\Documents\C++\C++ Projekti\Projekt Version 2\Projekt Version 2\GallowsFunctions.cpp(47,21): warning C4018: '<': signed/unsigned mismatch
C:\Users\38595\OneDrive\Documents\C++\C++ Projekti\Projekt Version 2\Projekt Version 2\GallowsFunctions.cpp(98,20): warning C4018: '<': signed/unsigned mismatch
C:\Users\38595\OneDrive\Documents\C++\C++ Projekti\Projekt Version 2\Projekt Version 2\GallowsFunctions.cpp(109,21): warning C4018: '<': signed/unsigned mismatch
  GallowsMain.cpp
  RandomWordsFunctions.cpp
C:\Users\38595\OneDrive\Documents\C++\C++ Projekti\Projekt Version 2\Projekt Version 2\GallowsFunctions.cpp(120,20): warning C4018: '<': signed/unsigned mismatch
C:\Users\38595\OneDrive\Documents\C++\C++ Projekti\Projekt Version 2\Projekt Version 2\RandomWordsFunctions.cpp(70,21): warning C4018: '<': signed/unsigned mismatch
C:\Users\38595\OneDrive\Documents\C++\C++ Projekti\Projekt Version 2\Projekt Version 2\RandomWordsFunctions.cpp(100,21): warning C4018: '<': signed/unsigned mismatch
  RankingSystemFunctions.cpp
C:\Users\38595\OneDrive\Documents\C++\C++ Projekti\Projekt Version 2\Projekt Version 2\RandomWordsFunctions.cpp(249,21): warning C4018: '<': signed/unsigned mismatch
C:\Users\38595\OneDrive\Documents\C++\C++ Projekti\Projekt Version 2\Projekt Version 2\RankingSystemFunctions.cpp(72,20): warning C4018: '<': signed/unsigned mismatch
  Source.cpp
C:\Users\38595\OneDrive\Documents\C++\C++ Projekti\Projekt Version 2\Projekt Version 2\RankingSystemFunctions.cpp(361,17): warning C4101: 'temp': unreferenced local variable
  SourceFunctions.cpp
  Generating Code...
C:\Users\38595\OneDrive\Documents\C++\C++ Projekti\Projekt Version 2\Projekt Version 2\Source.cpp(16,12): warning C4244: 'argument': conversion from 'time_t' to 'unsigned int', possible loss of data
C:\Users\38595\OneDrive\Documents\C++\C++ Projekti\Projekt Version 2\Projekt Version 2\RankingSystemFunctions.cpp(442): warning C4715: 'printList': not all control paths return a value
C:\Users\38595\OneDrive\Documents\C++\C++ Projekti\Projekt Version 2\Projekt Version 2\GallowsFunctions.cpp(132): warning C4172: returning address of local variable or temporary: changedWord
  Projekt Version 2.vcxproj -> C:\Users\38595\OneDrive\Documents\C++\C++ Projekti\Projekt Version 2\Debug\Gallows.exe
