c:\users\robin\documents\projekt version 2\projekt version 2\debug\vc141.pdb
c:\users\robin\documents\projekt version 2\projekt version 2\debug\vc141.idb
c:\users\robin\documents\projekt version 2\projekt version 2\debug\sourcefunctions.obj
c:\users\robin\documents\projekt version 2\projekt version 2\debug\source.obj
c:\users\robin\documents\projekt version 2\projekt version 2\debug\rankingsystemfunctions.obj
c:\users\robin\documents\projekt version 2\projekt version 2\debug\randomwordsfunctions.obj
c:\users\robin\documents\projekt version 2\projekt version 2\debug\gallowsmain.obj
c:\users\robin\documents\projekt version 2\projekt version 2\debug\gallowsfunctions.obj
c:\users\robin\documents\projekt version 2\projekt version 2\debug\adminwordsmanagment.obj
c:\users\robin\documents\projekt version 2\projekt version 2\debug\adminspace.obj
c:\users\robin\documents\projekt version 2\projekt version 2\debug\adminrankingsystem.obj
c:\users\robin\documents\projekt version 2\debug\projekt version 2.ilk
c:\users\robin\documents\projekt version 2\debug\projekt version 2.exe
c:\users\robin\documents\projekt version 2\debug\projekt version 2.pdb
c:\users\robin\documents\projekt version 2\projekt version 2\debug\projekt .b550a9a7.tlog\cl.command.1.tlog
c:\users\robin\documents\projekt version 2\projekt version 2\debug\projekt .b550a9a7.tlog\cl.read.1.tlog
c:\users\robin\documents\projekt version 2\projekt version 2\debug\projekt .b550a9a7.tlog\cl.write.1.tlog
c:\users\robin\documents\projekt version 2\projekt version 2\debug\projekt .b550a9a7.tlog\link.command.1.tlog
c:\users\robin\documents\projekt version 2\projekt version 2\debug\projekt .b550a9a7.tlog\link.read.1.tlog
c:\users\robin\documents\projekt version 2\projekt version 2\debug\projekt .b550a9a7.tlog\link.write.1.tlog
